/home/robertsj/Research/poropy/interface/plugincontrol.py:84: UserWarning: No control class named small_core_meta found in small_core_meta.py.  Is the filename exactly the same as the control class name?
  warnings.warn("No control class named {0} found in {1}.  Is the filename exactly the same as the control class name?".format(mod_name,f))
***Constructing PGA***
Iter #     Field      Value
10         Best       -1.896935e+00
Iter #     Field      Value
20         Best       -1.789190e+00
Iter #     Field      Value
30         Best       -1.653372e+00
Iter #     Field      Value
40         Best       -1.614776e+00
Iter #     Field      Value
50         Best       -1.614776e+00
Iter #     Field      Value
60         Best       -1.581367e+00
Iter #     Field      Value
70         Best       -1.581367e+00
Iter #     Field      Value
80         Best       -1.581367e+00
Iter #     Field      Value
90         Best       -1.574581e+00
Iter #     Field      Value
100        Best       -1.542932e+00
Iter #     Field      Value
110        Best       -1.542932e+00
Iter #     Field      Value
120        Best       -1.534461e+00
Iter #     Field      Value
130        Best       -1.499010e+00
Iter #     Field      Value
140        Best       -1.499010e+00
Iter #     Field      Value
150        Best       -1.499010e+00
Iter #     Field      Value
160        Best       -1.499010e+00
Iter #     Field      Value
170        Best       -1.499010e+00
Iter #     Field      Value
180        Best       -1.499010e+00
Iter #     Field      Value
190        Best       -1.489850e+00
Iter #     Field      Value
200        Best       -1.489850e+00
Iter #     Field      Value
210        Best       -1.482712e+00
Iter #     Field      Value
220        Best       -1.482712e+00
Iter #     Field      Value
230        Best       -1.482712e+00
Iter #     Field      Value
240        Best       -1.482712e+00
Iter #     Field      Value
250        Best       -1.479395e+00
Iter #     Field      Value
260        Best       -1.465074e+00
Iter #     Field      Value
270        Best       -1.465074e+00
Iter #     Field      Value
280        Best       -1.465074e+00
Iter #     Field      Value
290        Best       -1.457995e+00
Iter #     Field      Value
300        Best       -1.457995e+00
Iter #     Field      Value
310        Best       -1.457995e+00
Iter #     Field      Value
320        Best       -1.456343e+00
Iter #     Field      Value
330        Best       -1.437449e+00
Iter #     Field      Value
340        Best       -1.437449e+00
Iter #     Field      Value
350        Best       -1.437449e+00
Iter #     Field      Value
360        Best       -1.437449e+00
Iter #     Field      Value
370        Best       -1.436866e+00
Iter #     Field      Value
380        Best       -1.436866e+00
Iter #     Field      Value
390        Best       -1.436254e+00
Iter #     Field      Value
400        Best       -1.428680e+00
Iter #     Field      Value
410        Best       -1.428680e+00
Iter #     Field      Value
420        Best       -1.428680e+00
Iter #     Field      Value
430        Best       -1.428680e+00
Iter #     Field      Value
440        Best       -1.428680e+00
Iter #     Field      Value
450        Best       -1.428092e+00
Iter #     Field      Value
460        Best       -1.428092e+00
Iter #     Field      Value
470        Best       -1.421981e+00
Iter #     Field      Value
480        Best       -1.421981e+00
Iter #     Field      Value
490        Best       -1.421644e+00
Iter #     Field      Value
500        Best       -1.421644e+00
Iter #     Field      Value
510        Best       -1.421644e+00
Iter #     Field      Value
520        Best       -1.421644e+00
Iter #     Field      Value
530        Best       -1.421644e+00
Iter #     Field      Value
540        Best       -1.421644e+00
Iter #     Field      Value
550        Best       -1.421644e+00
Iter #     Field      Value
560        Best       -1.421644e+00
Iter #     Field      Value
570        Best       -1.419630e+00
Iter #     Field      Value
580        Best       -1.419630e+00
Iter #     Field      Value
590        Best       -1.419079e+00
Iter #     Field      Value
600        Best       -1.413352e+00
Iter #     Field      Value
610        Best       -1.413352e+00
Iter #     Field      Value
620        Best       -1.413352e+00
Iter #     Field      Value
630        Best       -1.413352e+00
Iter #     Field      Value
640        Best       -1.413352e+00
Iter #     Field      Value
650        Best       -1.413352e+00
Iter #     Field      Value
660        Best       -1.412677e+00
Iter #     Field      Value
670        Best       -1.412677e+00
Iter #     Field      Value
680        Best       -1.410636e+00
Iter #     Field      Value
690        Best       -1.410636e+00
Iter #     Field      Value
700        Best       -1.410636e+00
Iter #     Field      Value
710        Best       -1.410636e+00
Iter #     Field      Value
720        Best       -1.409154e+00
Iter #     Field      Value
730        Best       -1.409154e+00
Iter #     Field      Value
740        Best       -1.409154e+00
Iter #     Field      Value
750        Best       -1.409154e+00
Iter #     Field      Value
760        Best       -1.409154e+00
Iter #     Field      Value
770        Best       -1.404406e+00
Iter #     Field      Value
780        Best       -1.404406e+00
Iter #     Field      Value
790        Best       -1.404406e+00
Iter #     Field      Value
800        Best       -1.404406e+00
Iter #     Field      Value
810        Best       -1.404406e+00
Iter #     Field      Value
820        Best       -1.404406e+00
Iter #     Field      Value
830        Best       -1.404406e+00
Iter #     Field      Value
840        Best       -1.404406e+00
Iter #     Field      Value
850        Best       -1.404406e+00
Iter #     Field      Value
860        Best       -1.404406e+00
Iter #     Field      Value
870        Best       -1.404406e+00
Iter #     Field      Value
880        Best       -1.404406e+00
Iter #     Field      Value
890        Best       -1.403120e+00
Iter #     Field      Value
900        Best       -1.403120e+00
Iter #     Field      Value
910        Best       -1.400599e+00
Iter #     Field      Value
920        Best       -1.400599e+00
Iter #     Field      Value
930        Best       -1.400599e+00
Iter #     Field      Value
940        Best       -1.400422e+00
Iter #     Field      Value
950        Best       -1.399990e+00
Iter #     Field      Value
960        Best       -1.399990e+00
Iter #     Field      Value
970        Best       -1.399990e+00
Iter #     Field      Value
980        Best       -1.399990e+00
Iter #     Field      Value
990        Best       -1.399990e+00
Iter #     Field      Value
1000       Best       -1.399788e+00
The Best Evaluation: -1.399788e+00.
The Best String:
#    0: [      39], [      27], [      20], [       9], [       4], [       5]
#    6: [      28], [      37], [      31], [      19], [      15], [       1]
#   12: [      12], [      26], [      38], [       6], [      14], [      11]
#   18: [       3], [      22], [      29], [      21], [       2], [      10]
#   24: [      16], [      24], [      33], [       0], [      18], [       8]
#   30: [       7], [      30], [      17], [      13], [      25], [      34]
#   36: [      23], [      32], [      35], [      36]

/home/robertsj/Research/poropy/interface/plugincontrol.py:84: UserWarning: No control class named default_objective found in default_objective.py.  Is the filename exactly the same as the control class name?
  warnings.warn("No control class named {0} found in {1}.  Is the filename exactly the same as the control class name?".format(mod_name,f))
/home/robertsj/Research/poropy/interface/plugincontrol.py:84: UserWarning: No control class named optimizer_gedbs_meta found in optimizer_gedbs_meta.py.  Is the filename exactly the same as the control class name?
  warnings.warn("No control class named {0} found in {1}.  Is the filename exactly the same as the control class name?".format(mod_name,f))
/home/robertsj/Research/poropy/interface/plugincontrol.py:84: UserWarning: No control class named optimizer_ga_meta found in optimizer_ga_meta.py.  Is the filename exactly the same as the control class name?
  warnings.warn("No control class named {0} found in {1}.  Is the filename exactly the same as the control class name?".format(mod_name,f))
Traceback (most recent call last):
  File "/home/robertsj/Research/poropy/interface/plugincontrol.py", line 78, in __init__
    py_mod = __import__(mod_name)
  File "/home/robertsj/Research/poropy/interface/plugins/objective/optimizer_tabu_meta.py", line 6, in <module>
    from poropy.coretools.optimizer_sa import OptimizerTABU
ImportError: cannot import name OptimizerTABU
/home/robertsj/Research/poropy/interface/plugincontrol.py:82: UserWarning: Unable to load module optimizer_tabu_meta.py
  warnings.warn("Unable to load module {0}".format(f))
/home/robertsj/Research/poropy/interface/plugincontrol.py:84: UserWarning: No control class named optimizer_tabu_meta found in optimizer_tabu_meta.py.  Is the filename exactly the same as the control class name?
  warnings.warn("No control class named {0} found in {1}.  Is the filename exactly the same as the control class name?".format(mod_name,f))
/home/robertsj/Research/poropy/interface/plugincontrol.py:84: UserWarning: No control class named optimizer_sa_meta found in optimizer_sa_meta.py.  Is the filename exactly the same as the control class name?
  warnings.warn("No control class named {0} found in {1}.  Is the filename exactly the same as the control class name?".format(mod_name,f))
/home/robertsj/Research/poropy/interface/plugincontrol.py:84: UserWarning: No control class named optimizer_gesbs_meta found in optimizer_gesbs_meta.py.  Is the filename exactly the same as the control class name?
  warnings.warn("No control class named {0} found in {1}.  Is the filename exactly the same as the control class name?".format(mod_name,f))
***Constructing PGA***
Iter #     Field      Value
10         Best       -1.775871e+00
Iter #     Field      Value
20         Best       -1.693394e+00
Iter #     Field      Value
30         Best       -1.640221e+00
Iter #     Field      Value
40         Best       -1.575554e+00
Iter #     Field      Value
50         Best       -1.558837e+00
Iter #     Field      Value
60         Best       -1.558837e+00
Iter #     Field      Value
70         Best       -1.507272e+00
Iter #     Field      Value
80         Best       -1.505848e+00
Iter #     Field      Value
90         Best       -1.505848e+00
Iter #     Field      Value
100        Best       -1.504056e+00
Iter #     Field      Value
110        Best       -1.493462e+00
Iter #     Field      Value
120        Best       -1.483711e+00
Iter #     Field      Value
130        Best       -1.481941e+00
Iter #     Field      Value
140        Best       -1.456278e+00
Iter #     Field      Value
150        Best       -1.456278e+00
Iter #     Field      Value
160        Best       -1.456278e+00
Iter #     Field      Value
170        Best       -1.448222e+00
Iter #     Field      Value
180        Best       -1.447141e+00
Iter #     Field      Value
190        Best       -1.443259e+00
Iter #     Field      Value
200        Best       -1.443259e+00
Iter #     Field      Value
210        Best       -1.442474e+00
Iter #     Field      Value
220        Best       -1.440539e+00
Iter #     Field      Value
230        Best       -1.440539e+00
Iter #     Field      Value
240        Best       -1.439735e+00
Iter #     Field      Value
250        Best       -1.434268e+00
Iter #     Field      Value
260        Best       -1.434268e+00
Iter #     Field      Value
270        Best       -1.431259e+00
Iter #     Field      Value
280        Best       -1.431259e+00
Iter #     Field      Value
290        Best       -1.431259e+00
Iter #     Field      Value
300        Best       -1.430053e+00
Iter #     Field      Value
310        Best       -1.427841e+00
Iter #     Field      Value
320        Best       -1.424212e+00
Iter #     Field      Value
330        Best       -1.424212e+00
Iter #     Field      Value
340        Best       -1.421439e+00
Iter #     Field      Value
350        Best       -1.420604e+00
Iter #     Field      Value
360        Best       -1.420486e+00
Iter #     Field      Value
370        Best       -1.417186e+00
Iter #     Field      Value
380        Best       -1.414941e+00
Iter #     Field      Value
390        Best       -1.414941e+00
Iter #     Field      Value
400        Best       -1.411682e+00
Iter #     Field      Value
410        Best       -1.410336e+00
Iter #     Field      Value
420        Best       -1.410336e+00
Iter #     Field      Value
430        Best       -1.410336e+00
Iter #     Field      Value
440        Best       -1.408640e+00
Iter #     Field      Value
450        Best       -1.408640e+00
Iter #     Field      Value
460        Best       -1.408640e+00
Iter #     Field      Value
470        Best       -1.408640e+00
Iter #     Field      Value
480        Best       -1.408640e+00
Iter #     Field      Value
490        Best       -1.408640e+00
Iter #     Field      Value
500        Best       -1.407050e+00
Iter #     Field      Value
510        Best       -1.407050e+00
Iter #     Field      Value
520        Best       -1.407050e+00
Iter #     Field      Value
530        Best       -1.404190e+00
Iter #     Field      Value
540        Best       -1.404190e+00
Iter #     Field      Value
550        Best       -1.404190e+00
Iter #     Field      Value
560        Best       -1.404190e+00
Iter #     Field      Value
570        Best       -1.404113e+00
Iter #     Field      Value
580        Best       -1.404113e+00
Iter #     Field      Value
590        Best       -1.404113e+00
Iter #     Field      Value
600        Best       -1.404113e+00
Iter #     Field      Value
610        Best       -1.402051e+00
Iter #     Field      Value
620        Best       -1.401052e+00
Iter #     Field      Value
630        Best       -1.401052e+00
Iter #     Field      Value
640        Best       -1.401052e+00
Iter #     Field      Value
650        Best       -1.401052e+00
Iter #     Field      Value
660        Best       -1.398940e+00
Iter #     Field      Value
670        Best       -1.398940e+00
Iter #     Field      Value
680        Best       -1.398940e+00
Iter #     Field      Value
690        Best       -1.398940e+00
Iter #     Field      Value
700        Best       -1.398940e+00
Iter #     Field      Value
710        Best       -1.398940e+00
Iter #     Field      Value
720        Best       -1.398934e+00
Iter #     Field      Value
730        Best       -1.398816e+00
Iter #     Field      Value
740        Best       -1.398816e+00
Iter #     Field      Value
750        Best       -1.398816e+00
Iter #     Field      Value
760        Best       -1.398816e+00
Iter #     Field      Value
770        Best       -1.398816e+00
Iter #     Field      Value
780        Best       -1.398692e+00
Iter #     Field      Value
790        Best       -1.398692e+00
Iter #     Field      Value
800        Best       -1.397757e+00
Iter #     Field      Value
810        Best       -1.397757e+00
Iter #     Field      Value
820        Best       -1.397757e+00
Iter #     Field      Value
830        Best       -1.397271e+00
Iter #     Field      Value
840        Best       -1.397271e+00
Iter #     Field      Value
850        Best       -1.397242e+00
Iter #     Field      Value
860        Best       -1.396933e+00
Iter #     Field      Value
870        Best       -1.396201e+00
Iter #     Field      Value
880        Best       -1.396201e+00
Iter #     Field      Value
890        Best       -1.396201e+00
Iter #     Field      Value
900        Best       -1.395752e+00
Iter #     Field      Value
910        Best       -1.395437e+00
Iter #     Field      Value
920        Best       -1.395113e+00
Iter #     Field      Value
930        Best       -1.395113e+00
Iter #     Field      Value
940        Best       -1.395113e+00
Iter #     Field      Value
950        Best       -1.395113e+00
Iter #     Field      Value
960        Best       -1.394437e+00
Iter #     Field      Value
970        Best       -1.394437e+00
Iter #     Field      Value
980        Best       -1.394437e+00
Iter #     Field      Value
990        Best       -1.394437e+00
Iter #     Field      Value
1000       Best       -1.393637e+00
Iter #     Field      Value
1010       Best       -1.393637e+00
Iter #     Field      Value
1020       Best       -1.393637e+00
Iter #     Field      Value
1030       Best       -1.393637e+00
Iter #     Field      Value
1040       Best       -1.393637e+00
Iter #     Field      Value
1050       Best       -1.393637e+00
Iter #     Field      Value
1060       Best       -1.393637e+00
Iter #     Field      Value
1070       Best       -1.393637e+00
Iter #     Field      Value
1080       Best       -1.392937e+00
Iter #     Field      Value
1090       Best       -1.392937e+00
Iter #     Field      Value
1100       Best       -1.392937e+00
Iter #     Field      Value
1110       Best       -1.392728e+00
Iter #     Field      Value
1120       Best       -1.392728e+00
Iter #     Field      Value
1130       Best       -1.392728e+00
Iter #     Field      Value
1140       Best       -1.392543e+00
Iter #     Field      Value
1150       Best       -1.392251e+00
Iter #     Field      Value
1160       Best       -1.392251e+00
Iter #     Field      Value
1170       Best       -1.392251e+00
Iter #     Field      Value
1180       Best       -1.392251e+00
Iter #     Field      Value
1190       Best       -1.392007e+00
Iter #     Field      Value
1200       Best       -1.392007e+00
Iter #     Field      Value
1210       Best       -1.392007e+00
Iter #     Field      Value
1220       Best       -1.392007e+00
Iter #     Field      Value
1230       Best       -1.392007e+00
Iter #     Field      Value
1240       Best       -1.392007e+00
Iter #     Field      Value
1250       Best       -1.392007e+00
Iter #     Field      Value
1260       Best       -1.391395e+00
Iter #     Field      Value
1270       Best       -1.391395e+00
Iter #     Field      Value
1280       Best       -1.391395e+00
Iter #     Field      Value
1290       Best       -1.391395e+00
Iter #     Field      Value
1300       Best       -1.391395e+00
Iter #     Field      Value
1310       Best       -1.391395e+00
Iter #     Field      Value
1320       Best       -1.391395e+00
Iter #     Field      Value
1330       Best       -1.391395e+00
Iter #     Field      Value
1340       Best       -1.391395e+00
Iter #     Field      Value
1350       Best       -1.391395e+00
Iter #     Field      Value
1360       Best       -1.391395e+00
Iter #     Field      Value
1370       Best       -1.391395e+00
Iter #     Field      Value
1380       Best       -1.391395e+00
Iter #     Field      Value
1390       Best       -1.391395e+00
Iter #     Field      Value
1400       Best       -1.391395e+00
Iter #     Field      Value
1410       Best       -1.391240e+00
Iter #     Field      Value
1420       Best       -1.391240e+00
Iter #     Field      Value
1430       Best       -1.391240e+00
Iter #     Field      Value
1440       Best       -1.391240e+00
Iter #     Field      Value
1450       Best       -1.391233e+00
Iter #     Field      Value
1460       Best       -1.391233e+00
Iter #     Field      Value
1470       Best       -1.391233e+00
Iter #     Field      Value
1480       Best       -1.391233e+00
Iter #     Field      Value
1490       Best       -1.391233e+00
Iter #     Field      Value
1500       Best       -1.391233e+00
Iter #     Field      Value
1510       Best       -1.391198e+00
Iter #     Field      Value
1520       Best       -1.391198e+00
Iter #     Field      Value
1530       Best       -1.391198e+00
Iter #     Field      Value
1540       Best       -1.391198e+00
Iter #     Field      Value
1550       Best       -1.391198e+00
Iter #     Field      Value
1560       Best       -1.391198e+00
Iter #     Field      Value
1570       Best       -1.391198e+00
Iter #     Field      Value
1580       Best       -1.391198e+00
Iter #     Field      Value
1590       Best       -1.391196e+00
Iter #     Field      Value
1600       Best       -1.391196e+00
Iter #     Field      Value
1610       Best       -1.391196e+00
Iter #     Field      Value
1620       Best       -1.391170e+00
Iter #     Field      Value
1630       Best       -1.391170e+00
Iter #     Field      Value
1640       Best       -1.391170e+00
Iter #     Field      Value
1650       Best       -1.391170e+00
Iter #     Field      Value
1660       Best       -1.391170e+00
Iter #     Field      Value
1670       Best       -1.391170e+00
Iter #     Field      Value
1680       Best       -1.391170e+00
Iter #     Field      Value
1690       Best       -1.391170e+00
Iter #     Field      Value
1700       Best       -1.391122e+00
Iter #     Field      Value
1710       Best       -1.391122e+00
Iter #     Field      Value
1720       Best       -1.391122e+00
Iter #     Field      Value
1730       Best       -1.391122e+00
Iter #     Field      Value
1740       Best       -1.391122e+00
Iter #     Field      Value
1750       Best       -1.391122e+00
Iter #     Field      Value
1760       Best       -1.391122e+00
Iter #     Field      Value
1770       Best       -1.391122e+00
Iter #     Field      Value
1780       Best       -1.391122e+00
Iter #     Field      Value
1790       Best       -1.391122e+00
Iter #     Field      Value
1800       Best       -1.391119e+00
Iter #     Field      Value
1810       Best       -1.391119e+00
Iter #     Field      Value
1820       Best       -1.391119e+00
Iter #     Field      Value
1830       Best       -1.391119e+00
Iter #     Field      Value
1840       Best       -1.391119e+00
Iter #     Field      Value
1850       Best       -1.391119e+00
Iter #     Field      Value
1860       Best       -1.391119e+00
Iter #     Field      Value
1870       Best       -1.391119e+00
Iter #     Field      Value
1880       Best       -1.391119e+00
Iter #     Field      Value
1890       Best       -1.391119e+00
Iter #     Field      Value
1900       Best       -1.391112e+00
Iter #     Field      Value
1910       Best       -1.391112e+00
Iter #     Field      Value
1920       Best       -1.391112e+00
Iter #     Field      Value
1930       Best       -1.391112e+00
Iter #     Field      Value
1940       Best       -1.391112e+00
Iter #     Field      Value
1950       Best       -1.391112e+00
Iter #     Field      Value
1960       Best       -1.391112e+00
Iter #     Field      Value
1970       Best       -1.391112e+00
Iter #     Field      Value
1980       Best       -1.391112e+00
Iter #     Field      Value
1990       Best       -1.391112e+00
Iter #     Field      Value
2000       Best       -1.391112e+00
The Best Evaluation: -1.391112e+00.
The Best String:
#    0: [      39], [      28], [      23], [       5], [       1], [       8]
#    6: [      16], [      36], [      14], [      24], [       3], [       0]
#   12: [      22], [      27], [      37], [       7], [       6], [       9]
#   18: [      21], [      18], [      30], [      15], [      17], [       4]
#   24: [      19], [      26], [      35], [       2], [      13], [      20]
#   30: [      12], [      34], [      10], [      11], [      25], [      32]
#   36: [      29], [      31], [      33], [      38]

Traceback (most recent call last):
  File "/home/robertsj/Research/poropy/pyqtgraph/GraphicsScene/exportDialog.py", line 118, in exportClicked
    self.currentExporter.export()
  File "/home/robertsj/Research/poropy/pyqtgraph/exporters/Matplotlib.py", line 58, in export
    raise Exception("Matplotlib export currently only works with plot items")
Exception: Matplotlib export currently only works with plot items
